1644786757328	geckodriver	INFO	Listening on 127.0.0.1:12940
1644786760395	mozrunner::runner	INFO	Running command: "C:\\Program Files\\Mozilla Firefox\\firefox.exe" "--marionette" "--remote-debugging-port" "12941" "-no-remote" "-profile" "C:\\Users\\lee01\\AppData\\Local\\Temp\\rust_mozprofileg2rXBl"
1644786760845	Marionette	INFO	Marionette enabled
console.warn: SearchSettings: "get: No settings file exists, new profile?" (new NotFoundError("Could not open the file at C:\\Users\\lee01\\AppData\\Local\\Temp\\rust_mozprofileg2rXBl\\search.json.mozlz4", (void 0)))
DevTools listening on ws://localhost:12941/devtools/browser/fafbd954-4060-468a-8c97-9668975e055c
1644786763152	Marionette	INFO	Listening on port 12946
1644786763634	RemoteAgent	WARN	TLS certificate errors will be ignored for this session
JavaScript warning: https://nid.naver.com/login/js/bvsd.1.3.4.min.js, line 16: WEBGL_debug_renderer_info is deprecated in Firefox and will be removed. Please use RENDERER.
JavaScript warning: https://nid.naver.com/login/js/bvsd.1.3.4.min.js, line 16: WEBGL_debug_renderer_info is deprecated in Firefox and will be removed. Please use RENDERER.
console.warn: LoginRecipes: "getRecipes: falling back to a synchronous message for:" "https://nid.naver.com"
console.warn: LoginRecipes: "getRecipes: falling back to a synchronous message for:" "https://nid.naver.com"
JavaScript warning: https://nid.naver.com/login/js/bvsd.1.3.4.min.js, line 16: WEBGL_debug_renderer_info is deprecated in Firefox and will be removed. Please use RENDERER.
JavaScript warning: https://nid.naver.com/login/js/bvsd.1.3.4.min.js, line 16: WEBGL_debug_renderer_info is deprecated in Firefox and will be removed. Please use RENDERER.
1644786797059	Marionette	INFO	Stopped listening on port 12946
console.warn: TopSitesFeed: Failed to fetch data from Contile server: NetworkError when attempting to fetch resource.

###!!! [Parent][PGPUParent] Error: RunMessage(msgname=PGPU::Msg_ShutdownVR) Channel closing: too late to send/recv, messages will be lost

1644787023242	geckodriver	INFO	Listening on 127.0.0.1:13055
1644787026319	mozrunner::runner	INFO	Running command: "C:\\Program Files\\Mozilla Firefox\\firefox.exe" "--marionette" "--remote-debugging-port" "13056" "-no-remote" "-profile" "C:\\Users\\lee01\\AppData\\Local\\Temp\\rust_mozprofileXiTstb"
1644787026747	Marionette	INFO	Marionette enabled
console.warn: SearchSettings: "get: No settings file exists, new profile?" (new NotFoundError("Could not open the file at C:\\Users\\lee01\\AppData\\Local\\Temp\\rust_mozprofileXiTstb\\search.json.mozlz4", (void 0)))
DevTools listening on ws://localhost:13056/devtools/browser/1354568b-4936-4e19-a782-c3487a2851e4
1644787029122	Marionette	INFO	Listening on port 13063
1644787029527	RemoteAgent	WARN	TLS certificate errors will be ignored for this session
JavaScript warning: https://nid.naver.com/login/js/bvsd.1.3.4.min.js, line 16: WEBGL_debug_renderer_info is deprecated in Firefox and will be removed. Please use RENDERER.
JavaScript warning: https://nid.naver.com/login/js/bvsd.1.3.4.min.js, line 16: WEBGL_debug_renderer_info is deprecated in Firefox and will be removed. Please use RENDERER.
console.warn: LoginRecipes: "getRecipes: falling back to a synchronous message for:" "https://nid.naver.com"
console.warn: LoginRecipes: "getRecipes: falling back to a synchronous message for:" "https://nid.naver.com"
JavaScript error: resource://gre/modules/LoginManagerParent.jsm, line 136: TypeError: gRecipeManager is null
JavaScript warning: https://nid.naver.com/login/js/bvsd.1.3.4.min.js, line 16: WEBGL_debug_renderer_info is deprecated in Firefox and will be removed. Please use RENDERER.
JavaScript warning: https://nid.naver.com/login/js/bvsd.1.3.4.min.js, line 16: WEBGL_debug_renderer_info is deprecated in Firefox and will be removed. Please use RENDERER.
1644787058984	Marionette	INFO	Stopped listening on port 13063
console.warn: TopSitesFeed: Failed to fetch data from Contile server: NetworkError when attempting to fetch resource.
1644787062072	geckodriver	INFO	Listening on 127.0.0.1:13118
1644787065141	mozrunner::runner	INFO	Running command: "C:\\Program Files\\Mozilla Firefox\\firefox.exe" "--marionette" "--remote-debugging-port" "13119" "-no-remote" "-profile" "C:\\Users\\lee01\\AppData\\Local\\Temp\\rust_mozprofilehz4LLq"
1644787065535	Marionette	INFO	Marionette enabled
console.warn: SearchSettings: "get: No settings file exists, new profile?" (new NotFoundError("Could not open the file at C:\\Users\\lee01\\AppData\\Local\\Temp\\rust_mozprofilehz4LLq\\search.json.mozlz4", (void 0)))
DevTools listening on ws://localhost:13119/devtools/browser/d1e43aee-00dc-4a2d-8fae-adf5db63b909
1644787067735	Marionette	INFO	Listening on port 13124
1644787067841	RemoteAgent	WARN	TLS certificate errors will be ignored for this session
JavaScript warning: https://nid.naver.com/login/js/bvsd.1.3.4.min.js, line 16: WEBGL_debug_renderer_info is deprecated in Firefox and will be removed. Please use RENDERER.
JavaScript warning: https://nid.naver.com/login/js/bvsd.1.3.4.min.js, line 16: WEBGL_debug_renderer_info is deprecated in Firefox and will be removed. Please use RENDERER.
console.warn: LoginRecipes: "getRecipes: falling back to a synchronous message for:" "https://nid.naver.com"
console.warn: LoginRecipes: "getRecipes: falling back to a synchronous message for:" "https://nid.naver.com"
JavaScript error: resource://gre/modules/LoginManagerParent.jsm, line 136: TypeError: gRecipeManager is null
1644787075545	Marionette	WARN	Ignoring event 'DOMContentLoaded' because document has an invalid readyState of 'complete'.
1644787075579	Marionette	WARN	Ignoring event 'DOMContentLoaded' because document has an invalid readyState of 'complete'.
1644789609374	Marionette	INFO	Stopped listening on port 13124
console.warn: TopSitesFeed: Failed to fetch data from Contile server: NetworkError when attempting to fetch resource.

###!!! [Parent][PGPUParent] Error: RunMessage(msgname=PGPU::Msg_ShutdownVR) Channel closing: too late to send/recv, messages will be lost

	INFO	Marionette enabled
console.warn: SearchSettings: "get: No settings file exists, new profile?" (new NotFoundError("Could not open the file at C:\\Users\\lee01\\AppData\\Local\\Temp\\rust_mozprofilehF4ZOs\\search.json.mozlz4", (void 0)))
DevTools listening on ws://localhost:14826/devtools/browser/6b2c24a7-e01c-4828-a64a-3601506fa0d6
1644788008110	Marionette	INFO	Listening on port 14831
1644788008345	RemoteAgent	WARN	TLS certificate errors will be ignored for this session
JavaScript warning: https://nid.naver.com/login/js/bvsd.1.3.4.min.js, line 16: WEBGL_debug_renderer_info is deprecated in Firefox and will be removed. Please use RENDERER.
JavaScript warning: https://nid.naver.com/login/js/bvsd.1.3.4.min.js, line 16: WEBGL_debug_renderer_info is deprecated in Firefox and will be removed. Please use RENDERER.
console.warn: LoginRecipes: "getRecipes: falling back to a synchronous message for:" "https://nid.naver.com"
console.warn: LoginRecipes: "getRecipes: falling back to a synchronous message for:" "https://nid.naver.com"
JavaScript error: resource://gre/modules/LoginManagerParent.jsm, line 136: TypeError: gRecipeManager is null
JavaScript warning: https://nid.naver.com/login/js/bvsd.1.3.4.min.js, line 16: WEBGL_debug_renderer_info is deprecated in Firefox and will be removed. Please use RENDERER.
JavaScript warning: https://nid.naver.com/login/js/bvsd.1.3.4.min.js, line 16: WEBGL_debug_renderer_info is deprecated in Firefox and will be removed. Please use RENDERER.
console.warn: LoginRecipes: "getRecipes: falling back to a synchronous message for:" "https://nid.naver.com"
JavaScript error: resource://gre/modules/LoginManagerParent.jsm, line 136: TypeError: gRecipeManager is null
console.warn: LoginRecipes: "getRecipes: falling back to a synchronous message for:" "https://nid.naver.com"
JavaScript error: resource://gre/modules/LoginManagerParent.jsm, line 136: TypeError: gRecipeManager is null
JavaScript warning: https://nid.naver.com/login/js/bvsd.1.3.4.min.js, line 16: WEBGL_debug_renderer_info is deprecated in Firefox and will be removed. Please use RENDERER.
JavaScript warning: https://nid.naver.com/login/js/bvsd.1.3.4.min.js, line 16: WEBGL_debug_renderer_info is deprecated in Firefox and will be removed. Please use RENDERER.
JavaScript warning: https://nid.naver.com/login/js/bvsd.1.3.4.min.js, line 16: WEBGL_debug_renderer_info is deprecated in Firefox and will be removed. Please use RENDERER.
JavaScript warning: https://nid.naver.com/login/js/bvsd.1.3.4.min.js, line 16: WEBGL_debug_renderer_info is deprecated in Firefox and will be removed. Please use RENDERER.
console.warn: LoginRecipes: "getRecipes: falling back to a synchronous message for:" "https://nid.naver.com"
JavaScript error: resource://gre/modules/LoginManagerParent.jsm, line 136: TypeError: gRecipeManager is null
console.warn: LoginRecipes: "getRecipes: falling back to a synchronous message for:" "https://nid.naver.com"
JavaScript error: resource://gre/modules/LoginManagerParent.jsm, line 136: TypeError: gRecipeManager is null
JavaScript warning: https://nid.naver.com/login/js/bvsd.1.3.4.min.js, line 16: WEBGL_debug_renderer_info is deprecated in Firefox and will be removed. Please use RENDERER.
JavaScript warning: https://nid.naver.com/login/js/bvsd.1.3.4.min.js, line 16: WEBGL_debug_renderer_info is deprecated in Firefox and will be removed. Please use RENDERER.
console.warn: LoginRecipes: "getRecipes: falling back to a synchronous message for:" "https://nid.naver.com"
JavaScript error: resource://gre/modules/LoginManagerParent.jsm, line 136: TypeError: gRecipeManager is null
console.warn: LoginRecipes: "getRecipes: falling back to a synchronous message for:" "https://nid.naver.com"
JavaScript error: resource://gre/modules/LoginManagerParent.jsm, line 136: TypeError: gRecipeManager is null
console.warn: LoginRecipes: "getRecipes: falling back to a synchronous message for:" "https://www.naver.com"
JavaScript error: resource://gre/modules/LoginManagerParent.jsm, line 136: TypeError: gRecipeManager is null
1644788111636	Marionette	INFO	Stopped listening on port 14831
console.warn: TopSitesFeed: Failed to fetch data from Contile server: NetworkError when attempting to fetch resource.

###!!! [Parent][PGPUParent] Error: RunMessage(msgname=PGPU::Msg_ShutdownVR) Channel closing: too late to send/recv, messages will be lost

.mozlz4", (void 0)))
DevTools listening on ws://localhost:1155/devtools/browser/94a8a726-bef1-4dc4-83f0-14694be54c35
1644788077782	Marionette	INFO	Listening on port 1170
1644788077940	RemoteAgent	WARN	TLS certificate errors will be ignored for this session
JavaScript warning: https://nid.naver.com/login/js/bvsd.1.3.4.min.js, line 16: WEBGL_debug_renderer_info is deprecated in Firefox and will be removed. Please use RENDERER.
JavaScript warning: https://nid.naver.com/login/js/bvsd.1.3.4.min.js, line 16: WEBGL_debug_renderer_info is deprecated in Firefox and will be removed. Please use RENDERER.
console.warn: LoginRecipes: "getRecipes: falling back to a synchronous message for:" "https://nid.naver.com"
console.warn: LoginRecipes: "getRecipes: falling back to a synchronous message for:" "https://nid.naver.com"
JavaScript error: resource://gre/modules/LoginManagerParent.jsm, line 136: TypeError: gRecipeManager is null
1644788084695	Marionette	WARN	Ignoring event 'DOMContentLoaded' because document has an invalid readyState of 'complete'.
1644788084734	Marionette	WARN	Ignoring event 'DOMContentLoaded' because document has an invalid readyState of 'complete'.
JavaScript warning: https://fs.jtbc.joins.com/common/ui/js/toplogomenuNEWS.js?v=20211213, line 1170: unreachable code after return statement
1644788107285	Marionette	INFO	Stopped listening on port 1170
console.warn: TopSitesFeed: Failed to fetch data from Contile server: NetworkError when attempting to fetch resource.

###!!! [Parent][PGPUParent] Error: RunMessage(msgname=PGPU::Msg_ShutdownVR) Channel closing: too late to send/recv, messages will be lost

